2020-06-02 03:15:30,233 INFO o.a.j.u.JMeterUtils: Setting Locale to en_EN
2020-06-02 03:15:30,279 INFO o.a.j.JMeter: Loading user properties from: /usr/local/Cellar/jmeter/5.3/libexec/bin/user.properties
2020-06-02 03:15:30,281 INFO o.a.j.JMeter: Loading system properties from: /usr/local/Cellar/jmeter/5.3/libexec/bin/system.properties
2020-06-02 03:15:30,284 INFO o.a.j.JMeter: Copyright (c) 1998-2020 The Apache Software Foundation
2020-06-02 03:15:30,286 INFO o.a.j.JMeter: Version 5.3
2020-06-02 03:15:30,286 INFO o.a.j.JMeter: java.version=12
2020-06-02 03:15:30,286 INFO o.a.j.JMeter: java.vm.name=Java HotSpot(TM) 64-Bit Server VM
2020-06-02 03:15:30,286 INFO o.a.j.JMeter: os.name=Mac OS X
2020-06-02 03:15:30,286 INFO o.a.j.JMeter: os.arch=x86_64
2020-06-02 03:15:30,286 INFO o.a.j.JMeter: os.version=10.15.4
2020-06-02 03:15:30,286 INFO o.a.j.JMeter: file.encoding=UTF-8
2020-06-02 03:15:30,287 INFO o.a.j.JMeter: java.awt.headless=null
2020-06-02 03:15:30,287 INFO o.a.j.JMeter: Max memory     =1073741824
2020-06-02 03:15:30,287 INFO o.a.j.JMeter: Available Processors =4
2020-06-02 03:15:30,306 INFO o.a.j.JMeter: Default Locale=English (EN)
2020-06-02 03:15:30,307 INFO o.a.j.JMeter: JMeter  Locale=English (EN)
2020-06-02 03:15:30,307 INFO o.a.j.JMeter: JMeterHome=/usr/local/Cellar/jmeter/5.3/libexec
2020-06-02 03:15:30,307 INFO o.a.j.JMeter: user.dir  =/Users/ray/Documents/Test/Container/Anthos/service-mesh/OSS
2020-06-02 03:15:30,307 INFO o.a.j.JMeter: PWD       =/Users/ray/Documents/Test/Container/Anthos/service-mesh/OSS
2020-06-02 03:15:30,310 INFO o.a.j.JMeter: IP: 127.0.0.1 Name: RayHLi-MacBook-Pro.local FullName: localhost
2020-06-02 03:15:30,960 INFO o.a.j.JMeter: Setting LAF to: com.github.weisj.darklaf.DarkLaf:com.github.weisj.darklaf.theme.DarculaTheme
2020-06-02 03:15:33,960 INFO o.a.j.JMeter: Loaded icon properties from org/apache/jmeter/images/icon.properties
2020-06-02 03:15:35,338 INFO o.j.r.JARSourceHTTP: Found cached repo
2020-06-02 03:15:35,501 INFO o.j.r.PluginManager: Plugins Status: [jpgc-plugins-manager=1.3, jmeter-core=5.3, jmeter-ftp=5.3, jmeter-http=5.3, jmeter-jdbc=5.3, jmeter-jms=5.3, jmeter-junit=5.3, jmeter-java=5.3, jmeter-ldap=5.3, jmeter-mail=5.3, jmeter-mongodb=5.3, jmeter-native=5.3, jmeter-tcp=5.3, jmeter-components=5.3]
2020-06-02 03:15:35,502 INFO o.j.r.PluginManagerMenuItem: Plugins Manager has upgrades: [jpgc-plugins-manager]
2020-06-02 03:16:08,102 INFO o.a.j.p.h.s.HTTPSamplerBase: Parser for text/html is org.apache.jmeter.protocol.http.parser.LagartoBasedHtmlParser
2020-06-02 03:16:08,104 INFO o.a.j.p.h.s.HTTPSamplerBase: Parser for application/xhtml+xml is org.apache.jmeter.protocol.http.parser.LagartoBasedHtmlParser
2020-06-02 03:16:08,104 INFO o.a.j.p.h.s.HTTPSamplerBase: Parser for application/xml is org.apache.jmeter.protocol.http.parser.LagartoBasedHtmlParser
2020-06-02 03:16:08,104 INFO o.a.j.p.h.s.HTTPSamplerBase: Parser for text/xml is org.apache.jmeter.protocol.http.parser.LagartoBasedHtmlParser
2020-06-02 03:16:08,104 INFO o.a.j.p.h.s.HTTPSamplerBase: Parser for text/vnd.wap.wml is org.apache.jmeter.protocol.http.parser.RegexpHTMLParser
2020-06-02 03:16:08,104 INFO o.a.j.p.h.s.HTTPSamplerBase: Parser for text/css is org.apache.jmeter.protocol.http.parser.CssParser
2020-06-02 03:16:35,059 INFO o.a.j.s.SampleResult: Note: Sample TimeStamps are START times
2020-06-02 03:16:35,060 INFO o.a.j.s.SampleResult: sampleresult.default.encoding is set to ISO-8859-1
2020-06-02 03:16:35,060 INFO o.a.j.s.SampleResult: sampleresult.useNanoTime=true
2020-06-02 03:16:35,060 INFO o.a.j.s.SampleResult: sampleresult.nanoThreadSleep=5000
2020-06-02 03:16:35,263 INFO o.a.j.v.ViewResultsFullVisualizer: Add JavaFX to your Java installation if you want to use renderer: org.apache.jmeter.visualizers.RenderInBrowser
2020-06-02 03:17:05,685 INFO o.a.j.e.StandardJMeterEngine: Running the test!
2020-06-02 03:17:05,687 INFO o.a.j.s.SampleEvent: List of sample_variables: []
2020-06-02 03:17:05,687 INFO o.a.j.s.SampleEvent: List of sample_variables: []
2020-06-02 03:17:05,689 INFO o.a.j.e.u.CompoundVariable: Note: Function class names must contain the string: '.functions.'
2020-06-02 03:17:05,689 INFO o.a.j.e.u.CompoundVariable: Note: Function class names must not contain the string: '.gui.'
2020-06-02 03:17:05,965 INFO o.a.j.g.u.JMeterMenuBar: setRunning(true, *local*)
2020-06-02 03:17:06,015 INFO o.a.j.e.StandardJMeterEngine: Starting ThreadGroup: 1 : Thread-Group
2020-06-02 03:17:06,016 INFO o.a.j.e.StandardJMeterEngine: Starting 100 threads for group Thread-Group.
2020-06-02 03:17:06,017 INFO o.a.j.e.StandardJMeterEngine: Thread will continue on error
2020-06-02 03:17:06,017 INFO o.a.j.t.ThreadGroup: Starting thread group... number=1 threads=100 ramp-up=1000 delayedStart=false
2020-06-02 03:17:06,025 INFO o.a.j.t.JMeterThread: Thread started: Thread-Group 1-1
2020-06-02 03:17:06,044 INFO o.a.j.p.h.s.HTTPHCAbstractImpl: Local host = RayHLi-MacBook-Pro.local
2020-06-02 03:17:06,054 INFO o.a.j.p.h.s.HTTPHC4Impl: HTTP request retry count = 0
2020-06-02 03:17:06,171 INFO o.a.j.t.ThreadGroup: Started thread group number 1
2020-06-02 03:17:06,171 INFO o.a.j.e.StandardJMeterEngine: All thread groups have been started
2020-06-02 03:17:10,873 INFO o.a.j.g.a.Start: Stopping test
2020-06-02 03:17:10,891 INFO o.a.j.t.JMeterThread: Stopping: Thread-Group 1-67
2020-06-02 03:17:10,893 INFO o.a.j.t.JMeterThread: Stopping: Thread-Group 1-81
2020-06-02 03:17:10,893 INFO o.a.j.t.JMeterThread: Stopping: Thread-Group 1-59
2020-06-02 03:17:10,894 INFO o.a.j.t.JMeterThread: Stopping: Thread-Group 1-98
2020-06-02 03:17:10,894 INFO o.a.j.t.JMeterThread: Stopping: Thread-Group 1-92
2020-06-02 03:17:10,894 INFO o.a.j.t.JMeterThread: Thread started: Thread-Group 1-67
2020-06-02 03:17:10,894 INFO o.a.j.t.JMeterThread: Thread finished: Thread-Group 1-67
2020-06-02 03:17:10,894 INFO o.a.j.t.JMeterThread: Thread started: Thread-Group 1-98
2020-06-02 03:17:10,895 INFO o.a.j.t.JMeterThread: Thread finished: Thread-Group 1-98
2020-06-02 03:17:10,894 INFO o.a.j.t.JMeterThread: Thread started: Thread-Group 1-59
2020-06-02 03:17:10,896 INFO o.a.j.t.JMeterThread: Thread finished: Thread-Group 1-59
2020-06-02 03:17:10,894 INFO o.a.j.t.JMeterThread: Stopping: Thread-Group 1-42
2020-06-02 03:17:10,897 INFO o.a.j.t.JMeterThread: Stopping: Thread-Group 1-1
2020-06-02 03:17:10,897 WARN o.a.j.t.JMeterThread: Interrupting: Thread-Group 1-1 sampler: HTTP Request
2020-06-02 03:17:10,894 INFO o.a.j.t.JMeterThread: Thread started: Thread-Group 1-81
2020-06-02 03:17:10,898 INFO o.a.j.t.JMeterThread: Thread finished: Thread-Group 1-81
2020-06-02 03:17:10,898 INFO o.a.j.t.JMeterThread: Thread started: Thread-Group 1-92
2020-06-02 03:17:10,899 INFO o.a.j.t.JMeterThread: Thread finished: Thread-Group 1-92
2020-06-02 03:17:10,900 INFO o.a.j.t.JMeterThread: Thread started: Thread-Group 1-42
2020-06-02 03:17:10,900 INFO o.a.j.t.JMeterThread: Stopping: Thread-Group 1-30
2020-06-02 03:17:10,901 INFO o.a.j.t.JMeterThread: Stopping: Thread-Group 1-38
2020-06-02 03:17:10,901 INFO o.a.j.t.JMeterThread: Stopping: Thread-Group 1-85
2020-06-02 03:17:10,901 INFO o.a.j.t.JMeterThread: Thread finished: Thread-Group 1-42
2020-06-02 03:17:10,901 INFO o.a.j.t.JMeterThread: Stopping: Thread-Group 1-6
2020-06-02 03:17:10,901 INFO o.a.j.t.JMeterThread: Stopping: Thread-Group 1-5
2020-06-02 03:17:10,902 INFO o.a.j.t.JMeterThread: Stopping: Thread-Group 1-36
2020-06-02 03:17:10,902 INFO o.a.j.t.JMeterThread: Stopping: Thread-Group 1-46
2020-06-02 03:17:10,902 INFO o.a.j.t.JMeterThread: Stopping: Thread-Group 1-41
2020-06-02 03:17:10,902 INFO o.a.j.t.JMeterThread: Stopping: Thread-Group 1-77
2020-06-02 03:17:10,902 INFO o.a.j.t.JMeterThread: Thread started: Thread-Group 1-30
2020-06-02 03:17:10,902 INFO o.a.j.t.JMeterThread: Thread started: Thread-Group 1-38
2020-06-02 03:17:10,902 INFO o.a.j.t.JMeterThread: Thread started: Thread-Group 1-85
2020-06-02 03:17:10,903 INFO o.a.j.t.JMeterThread: Thread finished: Thread-Group 1-85
2020-06-02 03:17:10,903 INFO o.a.j.t.JMeterThread: Thread started: Thread-Group 1-5
2020-06-02 03:17:10,903 INFO o.a.j.t.JMeterThread: Thread started: Thread-Group 1-36
2020-06-02 03:17:10,904 INFO o.a.j.t.JMeterThread: Thread finished: Thread-Group 1-5
2020-06-02 03:17:10,904 INFO o.a.j.t.JMeterThread: Thread finished: Thread-Group 1-36
2020-06-02 03:17:10,904 INFO o.a.j.t.JMeterThread: Thread started: Thread-Group 1-46
2020-06-02 03:17:10,904 INFO o.a.j.t.JMeterThread: Thread started: Thread-Group 1-41
2020-06-02 03:17:10,904 INFO o.a.j.t.JMeterThread: Thread finished: Thread-Group 1-46
2020-06-02 03:17:10,904 INFO o.a.j.t.JMeterThread: Thread finished: Thread-Group 1-41
2020-06-02 03:17:10,902 INFO o.a.j.t.JMeterThread: Stopping: Thread-Group 1-52
2020-06-02 03:17:10,905 INFO o.a.j.t.JMeterThread: Stopping: Thread-Group 1-22
2020-06-02 03:17:10,907 INFO o.a.j.t.JMeterThread: Stopping: Thread-Group 1-35
2020-06-02 03:17:10,903 INFO o.a.j.t.JMeterThread: Thread started: Thread-Group 1-6
2020-06-02 03:17:10,907 INFO o.a.j.t.JMeterThread: Thread started: Thread-Group 1-52
2020-06-02 03:17:10,908 INFO o.a.j.t.JMeterThread: Thread finished: Thread-Group 1-6
2020-06-02 03:17:10,908 INFO o.a.j.t.JMeterThread: Thread finished: Thread-Group 1-52
2020-06-02 03:17:10,903 INFO o.a.j.t.JMeterThread: Thread finished: Thread-Group 1-38
2020-06-02 03:17:10,908 INFO o.a.j.t.JMeterThread: Thread started: Thread-Group 1-22
2020-06-02 03:17:10,902 INFO o.a.j.t.JMeterThread: Thread finished: Thread-Group 1-30
2020-06-02 03:17:10,910 INFO o.a.j.t.JMeterThread: Thread finished: Thread-Group 1-22
2020-06-02 03:17:10,909 INFO o.a.j.t.JMeterThread: Thread started: Thread-Group 1-35
2020-06-02 03:17:10,907 INFO o.a.j.t.JMeterThread: Stopping: Thread-Group 1-71
2020-06-02 03:17:10,906 INFO o.a.j.t.JMeterThread: Thread finished: Thread-Group 1-1
2020-06-02 03:17:10,911 INFO o.a.j.t.JMeterThread: Stopping: Thread-Group 1-24
2020-06-02 03:17:10,911 INFO o.a.j.t.JMeterThread: Thread finished: Thread-Group 1-35
2020-06-02 03:17:10,911 INFO o.a.j.t.JMeterThread: Stopping: Thread-Group 1-63
2020-06-02 03:17:10,911 INFO o.a.j.t.JMeterThread: Stopping: Thread-Group 1-33
2020-06-02 03:17:10,911 INFO o.a.j.t.JMeterThread: Stopping: Thread-Group 1-29
2020-06-02 03:17:10,911 INFO o.a.j.t.JMeterThread: Stopping: Thread-Group 1-47
2020-06-02 03:17:10,911 INFO o.a.j.t.JMeterThread: Stopping: Thread-Group 1-21
2020-06-02 03:17:10,912 INFO o.a.j.t.JMeterThread: Stopping: Thread-Group 1-34
2020-06-02 03:17:10,912 INFO o.a.j.t.JMeterThread: Stopping: Thread-Group 1-32
2020-06-02 03:17:10,904 INFO o.a.j.t.JMeterThread: Thread started: Thread-Group 1-77
2020-06-02 03:17:10,912 INFO o.a.j.t.JMeterThread: Stopping: Thread-Group 1-19
2020-06-02 03:17:10,912 INFO o.a.j.t.JMeterThread: Stopping: Thread-Group 1-58
2020-06-02 03:17:10,912 INFO o.a.j.t.JMeterThread: Stopping: Thread-Group 1-82
2020-06-02 03:17:10,912 INFO o.a.j.t.JMeterThread: Thread started: Thread-Group 1-71
2020-06-02 03:17:10,912 INFO o.a.j.t.JMeterThread: Stopping: Thread-Group 1-99
2020-06-02 03:17:10,912 INFO o.a.j.t.JMeterThread: Thread finished: Thread-Group 1-77
2020-06-02 03:17:10,912 INFO o.a.j.t.JMeterThread: Thread finished: Thread-Group 1-71
2020-06-02 03:17:10,912 INFO o.a.j.t.JMeterThread: Thread started: Thread-Group 1-24
2020-06-02 03:17:10,913 INFO o.a.j.t.JMeterThread: Thread finished: Thread-Group 1-24
2020-06-02 03:17:10,913 INFO o.a.j.t.JMeterThread: Thread started: Thread-Group 1-47
2020-06-02 03:17:10,913 INFO o.a.j.t.JMeterThread: Thread started: Thread-Group 1-29
2020-06-02 03:17:10,913 INFO o.a.j.t.JMeterThread: Thread started: Thread-Group 1-33
2020-06-02 03:17:10,913 INFO o.a.j.t.JMeterThread: Thread finished: Thread-Group 1-47
2020-06-02 03:17:10,913 INFO o.a.j.t.JMeterThread: Thread finished: Thread-Group 1-33
2020-06-02 03:17:10,914 INFO o.a.j.t.JMeterThread: Thread started: Thread-Group 1-21
2020-06-02 03:17:10,914 INFO o.a.j.t.JMeterThread: Thread started: Thread-Group 1-32
2020-06-02 03:17:10,914 INFO o.a.j.t.JMeterThread: Thread finished: Thread-Group 1-21
2020-06-02 03:17:10,914 INFO o.a.j.t.JMeterThread: Thread finished: Thread-Group 1-32
2020-06-02 03:17:10,914 INFO o.a.j.t.JMeterThread: Thread started: Thread-Group 1-34
2020-06-02 03:17:10,915 INFO o.a.j.t.JMeterThread: Thread started: Thread-Group 1-19
2020-06-02 03:17:10,915 INFO o.a.j.t.JMeterThread: Thread finished: Thread-Group 1-34
2020-06-02 03:17:10,915 INFO o.a.j.t.JMeterThread: Thread finished: Thread-Group 1-19
2020-06-02 03:17:10,915 INFO o.a.j.t.JMeterThread: Thread started: Thread-Group 1-58
2020-06-02 03:17:10,915 INFO o.a.j.t.JMeterThread: Thread started: Thread-Group 1-82
2020-06-02 03:17:10,915 INFO o.a.j.t.JMeterThread: Thread finished: Thread-Group 1-58
2020-06-02 03:17:10,916 INFO o.a.j.t.JMeterThread: Thread finished: Thread-Group 1-82
2020-06-02 03:17:10,912 INFO o.a.j.t.JMeterThread: Stopping: Thread-Group 1-68
2020-06-02 03:17:10,916 INFO o.a.j.t.JMeterThread: Thread started: Thread-Group 1-99
2020-06-02 03:17:10,916 INFO o.a.j.t.JMeterThread: Stopping: Thread-Group 1-15
2020-06-02 03:17:10,916 INFO o.a.j.t.JMeterThread: Stopping: Thread-Group 1-14
2020-06-02 03:17:10,916 INFO o.a.j.t.JMeterThread: Thread finished: Thread-Group 1-99
2020-06-02 03:17:10,916 INFO o.a.j.t.JMeterThread: Stopping: Thread-Group 1-60
2020-06-02 03:17:10,913 INFO o.a.j.t.JMeterThread: Thread started: Thread-Group 1-63
2020-06-02 03:17:10,916 INFO o.a.j.t.JMeterThread: Stopping: Thread-Group 1-83
2020-06-02 03:17:10,916 INFO o.a.j.t.JMeterThread: Stopping: Thread-Group 1-7
2020-06-02 03:17:10,916 INFO o.a.j.t.JMeterThread: Stopping: Thread-Group 1-87
2020-06-02 03:17:10,916 INFO o.a.j.t.JMeterThread: Thread finished: Thread-Group 1-63
2020-06-02 03:17:10,916 INFO o.a.j.t.JMeterThread: Stopping: Thread-Group 1-64
2020-06-02 03:17:10,917 INFO o.a.j.t.JMeterThread: Stopping: Thread-Group 1-78
2020-06-02 03:17:10,917 INFO o.a.j.t.JMeterThread: Thread finished: Thread-Group 1-29
2020-06-02 03:17:10,917 INFO o.a.j.t.JMeterThread: Thread started: Thread-Group 1-68
2020-06-02 03:17:10,917 INFO o.a.j.t.JMeterThread: Thread started: Thread-Group 1-15
2020-06-02 03:17:10,917 INFO o.a.j.t.JMeterThread: Thread finished: Thread-Group 1-68
2020-06-02 03:17:10,917 INFO o.a.j.t.JMeterThread: Thread finished: Thread-Group 1-15
2020-06-02 03:17:10,917 INFO o.a.j.t.JMeterThread: Stopping: Thread-Group 1-4
2020-06-02 03:17:10,917 INFO o.a.j.t.JMeterThread: Stopping: Thread-Group 1-39
2020-06-02 03:17:10,918 INFO o.a.j.t.JMeterThread: Stopping: Thread-Group 1-26
2020-06-02 03:17:10,918 INFO o.a.j.t.JMeterThread: Stopping: Thread-Group 1-88
2020-06-02 03:17:10,918 INFO o.a.j.t.JMeterThread: Thread started: Thread-Group 1-83
2020-06-02 03:17:10,918 INFO o.a.j.t.JMeterThread: Stopping: Thread-Group 1-37
2020-06-02 03:17:10,918 INFO o.a.j.t.JMeterThread: Stopping: Thread-Group 1-66
2020-06-02 03:17:10,917 INFO o.a.j.t.JMeterThread: Thread started: Thread-Group 1-14
2020-06-02 03:17:10,918 INFO o.a.j.t.JMeterThread: Thread finished: Thread-Group 1-83
2020-06-02 03:17:10,918 INFO o.a.j.t.JMeterThread: Thread finished: Thread-Group 1-14
2020-06-02 03:17:10,918 INFO o.a.j.t.JMeterThread: Thread started: Thread-Group 1-7
2020-06-02 03:17:10,918 INFO o.a.j.t.JMeterThread: Thread started: Thread-Group 1-87
2020-06-02 03:17:10,919 INFO o.a.j.t.JMeterThread: Thread finished: Thread-Group 1-7
2020-06-02 03:17:10,919 INFO o.a.j.t.JMeterThread: Thread finished: Thread-Group 1-87
2020-06-02 03:17:10,919 INFO o.a.j.t.JMeterThread: Thread started: Thread-Group 1-64
2020-06-02 03:17:10,919 INFO o.a.j.t.JMeterThread: Thread started: Thread-Group 1-78
2020-06-02 03:17:10,919 INFO o.a.j.t.JMeterThread: Thread finished: Thread-Group 1-64
2020-06-02 03:17:10,919 INFO o.a.j.t.JMeterThread: Thread finished: Thread-Group 1-78
2020-06-02 03:17:10,920 INFO o.a.j.t.JMeterThread: Thread started: Thread-Group 1-4
2020-06-02 03:17:10,920 INFO o.a.j.t.JMeterThread: Thread started: Thread-Group 1-39
2020-06-02 03:17:10,920 INFO o.a.j.t.JMeterThread: Thread finished: Thread-Group 1-4
2020-06-02 03:17:10,920 INFO o.a.j.t.JMeterThread: Thread finished: Thread-Group 1-39
2020-06-02 03:17:10,920 INFO o.a.j.t.JMeterThread: Thread started: Thread-Group 1-26
2020-06-02 03:17:10,920 INFO o.a.j.t.JMeterThread: Thread started: Thread-Group 1-88
2020-06-02 03:17:10,921 INFO o.a.j.t.JMeterThread: Thread finished: Thread-Group 1-26
2020-06-02 03:17:10,921 INFO o.a.j.t.JMeterThread: Thread finished: Thread-Group 1-88
2020-06-02 03:17:10,917 INFO o.a.j.t.JMeterThread: Thread started: Thread-Group 1-60
2020-06-02 03:17:10,921 INFO o.a.j.t.JMeterThread: Thread finished: Thread-Group 1-60
2020-06-02 03:17:10,921 INFO o.a.j.t.JMeterThread: Thread started: Thread-Group 1-37
2020-06-02 03:17:10,921 INFO o.a.j.t.JMeterThread: Thread finished: Thread-Group 1-37
2020-06-02 03:17:10,918 INFO o.a.j.t.JMeterThread: Stopping: Thread-Group 1-8
2020-06-02 03:17:10,922 INFO o.a.j.t.JMeterThread: Stopping: Thread-Group 1-61
2020-06-02 03:17:10,921 INFO o.a.j.t.JMeterThread: Thread started: Thread-Group 1-66
2020-06-02 03:17:10,922 INFO o.a.j.t.JMeterThread: Stopping: Thread-Group 1-90
2020-06-02 03:17:10,922 INFO o.a.j.t.JMeterThread: Stopping: Thread-Group 1-93
2020-06-02 03:17:10,922 INFO o.a.j.t.JMeterThread: Stopping: Thread-Group 1-40
2020-06-02 03:17:10,922 INFO o.a.j.t.JMeterThread: Stopping: Thread-Group 1-75
2020-06-02 03:17:10,922 INFO o.a.j.t.JMeterThread: Thread finished: Thread-Group 1-66
2020-06-02 03:17:10,922 INFO o.a.j.t.JMeterThread: Stopping: Thread-Group 1-97
2020-06-02 03:17:10,922 INFO o.a.j.t.JMeterThread: Stopping: Thread-Group 1-28
2020-06-02 03:17:10,922 INFO o.a.j.t.JMeterThread: Stopping: Thread-Group 1-86
2020-06-02 03:17:10,922 INFO o.a.j.t.JMeterThread: Thread started: Thread-Group 1-8
2020-06-02 03:17:10,923 INFO o.a.j.t.JMeterThread: Thread started: Thread-Group 1-61
2020-06-02 03:17:10,923 INFO o.a.j.t.JMeterThread: Thread finished: Thread-Group 1-61
2020-06-02 03:17:10,923 INFO o.a.j.t.JMeterThread: Thread finished: Thread-Group 1-8
2020-06-02 03:17:10,923 INFO o.a.j.t.JMeterThread: Thread started: Thread-Group 1-93
2020-06-02 03:17:10,923 INFO o.a.j.t.JMeterThread: Thread started: Thread-Group 1-75
2020-06-02 03:17:10,923 INFO o.a.j.t.JMeterThread: Thread finished: Thread-Group 1-93
2020-06-02 03:17:10,924 INFO o.a.j.t.JMeterThread: Thread finished: Thread-Group 1-75
2020-06-02 03:17:10,924 INFO o.a.j.t.JMeterThread: Thread started: Thread-Group 1-97
2020-06-02 03:17:10,923 INFO o.a.j.t.JMeterThread: Stopping: Thread-Group 1-50
2020-06-02 03:17:10,924 INFO o.a.j.t.JMeterThread: Stopping: Thread-Group 1-84
2020-06-02 03:17:10,924 INFO o.a.j.t.JMeterThread: Thread started: Thread-Group 1-86
2020-06-02 03:17:10,924 INFO o.a.j.t.JMeterThread: Thread finished: Thread-Group 1-86
2020-06-02 03:17:10,925 INFO o.a.j.t.JMeterThread: Stopping: Thread-Group 1-80
2020-06-02 03:17:10,925 INFO o.a.j.t.JMeterThread: Stopping: Thread-Group 1-10
2020-06-02 03:17:10,926 INFO o.a.j.t.JMeterThread: Stopping: Thread-Group 1-76
2020-06-02 03:17:10,926 INFO o.a.j.t.JMeterThread: Stopping: Thread-Group 1-16
2020-06-02 03:17:10,924 INFO o.a.j.t.JMeterThread: Thread started: Thread-Group 1-28
2020-06-02 03:17:10,926 INFO o.a.j.t.JMeterThread: Stopping: Thread-Group 1-27
2020-06-02 03:17:10,926 INFO o.a.j.t.JMeterThread: Stopping: Thread-Group 1-54
2020-06-02 03:17:10,927 INFO o.a.j.t.JMeterThread: Stopping: Thread-Group 1-94
2020-06-02 03:17:10,927 INFO o.a.j.t.JMeterThread: Thread finished: Thread-Group 1-28
2020-06-02 03:17:10,927 INFO o.a.j.t.JMeterThread: Stopping: Thread-Group 1-100
2020-06-02 03:17:10,928 INFO o.a.j.t.JMeterThread: Stopping: Thread-Group 1-43
2020-06-02 03:17:10,928 INFO o.a.j.t.JMeterThread: Stopping: Thread-Group 1-45
2020-06-02 03:17:10,928 INFO o.a.j.t.JMeterThread: Stopping: Thread-Group 1-89
2020-06-02 03:17:10,928 INFO o.a.j.t.JMeterThread: Stopping: Thread-Group 1-48
2020-06-02 03:17:10,928 INFO o.a.j.t.JMeterThread: Stopping: Thread-Group 1-18
2020-06-02 03:17:10,928 INFO o.a.j.t.JMeterThread: Thread started: Thread-Group 1-84
2020-06-02 03:17:10,928 INFO o.a.j.t.JMeterThread: Stopping: Thread-Group 1-65
2020-06-02 03:17:10,928 INFO o.a.j.t.JMeterThread: Stopping: Thread-Group 1-62
2020-06-02 03:17:10,928 INFO o.a.j.t.JMeterThread: Thread started: Thread-Group 1-80
2020-06-02 03:17:10,928 INFO o.a.j.t.JMeterThread: Stopping: Thread-Group 1-96
2020-06-02 03:17:10,928 INFO o.a.j.t.JMeterThread: Stopping: Thread-Group 1-51
2020-06-02 03:17:10,928 INFO o.a.j.t.JMeterThread: Thread finished: Thread-Group 1-84
2020-06-02 03:17:10,929 INFO o.a.j.t.JMeterThread: Thread finished: Thread-Group 1-80
2020-06-02 03:17:10,929 INFO o.a.j.t.JMeterThread: Thread started: Thread-Group 1-10
2020-06-02 03:17:10,929 INFO o.a.j.t.JMeterThread: Thread started: Thread-Group 1-16
2020-06-02 03:17:10,929 INFO o.a.j.t.JMeterThread: Thread finished: Thread-Group 1-16
2020-06-02 03:17:10,929 INFO o.a.j.t.JMeterThread: Thread finished: Thread-Group 1-10
2020-06-02 03:17:10,929 INFO o.a.j.t.JMeterThread: Thread started: Thread-Group 1-76
2020-06-02 03:17:10,923 INFO o.a.j.t.JMeterThread: Thread started: Thread-Group 1-40
2020-06-02 03:17:10,930 INFO o.a.j.t.JMeterThread: Thread finished: Thread-Group 1-76
2020-06-02 03:17:10,929 INFO o.a.j.t.JMeterThread: Thread started: Thread-Group 1-27
2020-06-02 03:17:10,930 INFO o.a.j.t.JMeterThread: Thread started: Thread-Group 1-54
2020-06-02 03:17:10,930 INFO o.a.j.t.JMeterThread: Thread started: Thread-Group 1-94
2020-06-02 03:17:10,930 INFO o.a.j.t.JMeterThread: Thread finished: Thread-Group 1-27
2020-06-02 03:17:10,930 INFO o.a.j.t.JMeterThread: Thread finished: Thread-Group 1-54
2020-06-02 03:17:10,930 INFO o.a.j.t.JMeterThread: Thread started: Thread-Group 1-100
2020-06-02 03:17:10,930 INFO o.a.j.t.JMeterThread: Thread finished: Thread-Group 1-94
2020-06-02 03:17:10,930 INFO o.a.j.t.JMeterThread: Thread finished: Thread-Group 1-100
2020-06-02 03:17:10,930 INFO o.a.j.t.JMeterThread: Thread started: Thread-Group 1-50
2020-06-02 03:17:10,930 INFO o.a.j.t.JMeterThread: Thread started: Thread-Group 1-43
2020-06-02 03:17:10,930 INFO o.a.j.t.JMeterThread: Thread finished: Thread-Group 1-50
2020-06-02 03:17:10,931 INFO o.a.j.t.JMeterThread: Thread finished: Thread-Group 1-43
2020-06-02 03:17:10,931 INFO o.a.j.t.JMeterThread: Thread started: Thread-Group 1-45
2020-06-02 03:17:10,931 INFO o.a.j.t.JMeterThread: Thread started: Thread-Group 1-89
2020-06-02 03:17:10,931 INFO o.a.j.t.JMeterThread: Thread started: Thread-Group 1-48
2020-06-02 03:17:10,931 INFO o.a.j.t.JMeterThread: Thread finished: Thread-Group 1-45
2020-06-02 03:17:10,931 INFO o.a.j.t.JMeterThread: Thread finished: Thread-Group 1-89
2020-06-02 03:17:10,931 INFO o.a.j.t.JMeterThread: Thread finished: Thread-Group 1-48
2020-06-02 03:17:10,931 INFO o.a.j.t.JMeterThread: Thread started: Thread-Group 1-18
2020-06-02 03:17:10,931 INFO o.a.j.t.JMeterThread: Thread started: Thread-Group 1-65
2020-06-02 03:17:10,931 INFO o.a.j.t.JMeterThread: Thread started: Thread-Group 1-62
2020-06-02 03:17:10,931 INFO o.a.j.t.JMeterThread: Thread finished: Thread-Group 1-18
2020-06-02 03:17:10,932 INFO o.a.j.t.JMeterThread: Thread finished: Thread-Group 1-65
2020-06-02 03:17:10,932 INFO o.a.j.t.JMeterThread: Thread finished: Thread-Group 1-62
2020-06-02 03:17:10,932 INFO o.a.j.t.JMeterThread: Thread started: Thread-Group 1-96
2020-06-02 03:17:10,932 INFO o.a.j.t.JMeterThread: Thread started: Thread-Group 1-51
2020-06-02 03:17:10,932 INFO o.a.j.t.JMeterThread: Thread finished: Thread-Group 1-96
2020-06-02 03:17:10,932 INFO o.a.j.t.JMeterThread: Thread finished: Thread-Group 1-51
2020-06-02 03:17:10,923 INFO o.a.j.t.JMeterThread: Thread started: Thread-Group 1-90
2020-06-02 03:17:10,933 INFO o.a.j.t.JMeterThread: Thread finished: Thread-Group 1-90
2020-06-02 03:17:10,933 INFO o.a.j.t.JMeterThread: Thread finished: Thread-Group 1-40
2020-06-02 03:17:10,929 INFO o.a.j.t.JMeterThread: Stopping: Thread-Group 1-13
2020-06-02 03:17:10,925 INFO o.a.j.t.JMeterThread: Thread finished: Thread-Group 1-97
2020-06-02 03:17:10,934 INFO o.a.j.t.JMeterThread: Stopping: Thread-Group 1-70
2020-06-02 03:17:10,934 INFO o.a.j.t.JMeterThread: Stopping: Thread-Group 1-20
2020-06-02 03:17:10,934 INFO o.a.j.t.JMeterThread: Stopping: Thread-Group 1-25
2020-06-02 03:17:10,934 INFO o.a.j.t.JMeterThread: Thread started: Thread-Group 1-13
2020-06-02 03:17:10,934 INFO o.a.j.t.JMeterThread: Stopping: Thread-Group 1-3
2020-06-02 03:17:10,934 INFO o.a.j.t.JMeterThread: Thread started: Thread-Group 1-70
2020-06-02 03:17:10,934 INFO o.a.j.t.JMeterThread: Thread started: Thread-Group 1-25
2020-06-02 03:17:10,935 INFO o.a.j.t.JMeterThread: Thread finished: Thread-Group 1-70
2020-06-02 03:17:10,935 INFO o.a.j.t.JMeterThread: Stopping: Thread-Group 1-12
2020-06-02 03:17:10,934 INFO o.a.j.t.JMeterThread: Thread started: Thread-Group 1-20
2020-06-02 03:17:10,935 INFO o.a.j.t.JMeterThread: Stopping: Thread-Group 1-2
2020-06-02 03:17:10,935 INFO o.a.j.t.JMeterThread: Thread finished: Thread-Group 1-25
2020-06-02 03:17:10,935 INFO o.a.j.t.JMeterThread: Stopping: Thread-Group 1-56
2020-06-02 03:17:10,935 INFO o.a.j.t.JMeterThread: Stopping: Thread-Group 1-9
2020-06-02 03:17:10,935 INFO o.a.j.t.JMeterThread: Stopping: Thread-Group 1-31
2020-06-02 03:17:10,935 INFO o.a.j.t.JMeterThread: Thread finished: Thread-Group 1-20
2020-06-02 03:17:10,935 INFO o.a.j.t.JMeterThread: Stopping: Thread-Group 1-74
2020-06-02 03:17:10,935 INFO o.a.j.t.JMeterThread: Stopping: Thread-Group 1-57
2020-06-02 03:17:10,936 INFO o.a.j.t.JMeterThread: Stopping: Thread-Group 1-17
2020-06-02 03:17:10,936 INFO o.a.j.t.JMeterThread: Stopping: Thread-Group 1-53
2020-06-02 03:17:10,936 INFO o.a.j.t.JMeterThread: Stopping: Thread-Group 1-95
2020-06-02 03:17:10,936 INFO o.a.j.t.JMeterThread: Thread started: Thread-Group 1-3
2020-06-02 03:17:10,936 INFO o.a.j.t.JMeterThread: Stopping: Thread-Group 1-79
2020-06-02 03:17:10,936 INFO o.a.j.t.JMeterThread: Stopping: Thread-Group 1-11
2020-06-02 03:17:10,936 INFO o.a.j.t.JMeterThread: Stopping: Thread-Group 1-23
2020-06-02 03:17:10,936 INFO o.a.j.t.JMeterThread: Stopping: Thread-Group 1-49
2020-06-02 03:17:10,936 INFO o.a.j.t.JMeterThread: Stopping: Thread-Group 1-44
2020-06-02 03:17:10,936 INFO o.a.j.t.JMeterThread: Thread finished: Thread-Group 1-3
2020-06-02 03:17:10,936 INFO o.a.j.t.JMeterThread: Thread started: Thread-Group 1-12
2020-06-02 03:17:10,936 INFO o.a.j.t.JMeterThread: Stopping: Thread-Group 1-73
2020-06-02 03:17:10,934 INFO o.a.j.t.JMeterThread: Thread finished: Thread-Group 1-13
2020-06-02 03:17:10,936 INFO o.a.j.t.JMeterThread: Stopping: Thread-Group 1-55
2020-06-02 03:17:10,936 INFO o.a.j.t.JMeterThread: Thread finished: Thread-Group 1-12
2020-06-02 03:17:10,937 INFO o.a.j.t.JMeterThread: Stopping: Thread-Group 1-72
2020-06-02 03:17:10,937 INFO o.a.j.t.JMeterThread: Thread started: Thread-Group 1-56
2020-06-02 03:17:10,937 INFO o.a.j.t.JMeterThread: Stopping: Thread-Group 1-91
2020-06-02 03:17:10,937 INFO o.a.j.t.JMeterThread: Stopping: Thread-Group 1-69
2020-06-02 03:17:10,937 INFO o.a.j.t.JMeterThread: Thread started: Thread-Group 1-9
2020-06-02 03:17:10,937 INFO o.a.j.t.JMeterThread: Thread started: Thread-Group 1-31
2020-06-02 03:17:10,937 INFO o.a.j.t.JMeterThread: Thread finished: Thread-Group 1-9
2020-06-02 03:17:10,937 INFO o.a.j.t.JMeterThread: Thread finished: Thread-Group 1-31
2020-06-02 03:17:10,937 INFO o.a.j.t.JMeterThread: Thread started: Thread-Group 1-57
2020-06-02 03:17:10,937 INFO o.a.j.t.JMeterThread: Thread started: Thread-Group 1-53
2020-06-02 03:17:10,938 INFO o.a.j.t.JMeterThread: Thread finished: Thread-Group 1-57
2020-06-02 03:17:10,938 INFO o.a.j.t.JMeterThread: Thread finished: Thread-Group 1-53
2020-06-02 03:17:10,938 INFO o.a.j.t.JMeterThread: Thread started: Thread-Group 1-11
2020-06-02 03:17:10,938 INFO o.a.j.t.JMeterThread: Thread started: Thread-Group 1-23
2020-06-02 03:17:10,938 INFO o.a.j.t.JMeterThread: Thread started: Thread-Group 1-49
2020-06-02 03:17:10,937 INFO o.a.j.t.JMeterThread: Thread started: Thread-Group 1-2
2020-06-02 03:17:10,938 INFO o.a.j.t.JMeterThread: Thread started: Thread-Group 1-91
2020-06-02 03:17:10,938 INFO o.a.j.t.JMeterThread: Thread finished: Thread-Group 1-49
2020-06-02 03:17:10,939 INFO o.a.j.t.JMeterThread: Thread finished: Thread-Group 1-91
2020-06-02 03:17:10,938 INFO o.a.j.t.JMeterThread: Thread started: Thread-Group 1-72
2020-06-02 03:17:10,938 INFO o.a.j.t.JMeterThread: Thread started: Thread-Group 1-55
2020-06-02 03:17:10,938 INFO o.a.j.t.JMeterThread: Thread started: Thread-Group 1-73
2020-06-02 03:17:10,938 INFO o.a.j.t.JMeterThread: Thread finished: Thread-Group 1-11
2020-06-02 03:17:10,939 INFO o.a.j.t.JMeterThread: Thread finished: Thread-Group 1-72
2020-06-02 03:17:10,939 INFO o.a.j.t.JMeterThread: Thread finished: Thread-Group 1-55
2020-06-02 03:17:10,939 INFO o.a.j.t.JMeterThread: Thread finished: Thread-Group 1-73
2020-06-02 03:17:10,938 INFO o.a.j.t.JMeterThread: Thread started: Thread-Group 1-44
2020-06-02 03:17:10,938 INFO o.a.j.t.JMeterThread: Thread started: Thread-Group 1-95
2020-06-02 03:17:10,939 INFO o.a.j.t.JMeterThread: Thread finished: Thread-Group 1-44
2020-06-02 03:17:10,939 INFO o.a.j.t.JMeterThread: Thread finished: Thread-Group 1-23
2020-06-02 03:17:10,938 INFO o.a.j.t.JMeterThread: Thread started: Thread-Group 1-79
2020-06-02 03:17:10,939 INFO o.a.j.t.JMeterThread: Thread finished: Thread-Group 1-95
2020-06-02 03:17:10,937 INFO o.a.j.t.JMeterThread: Thread started: Thread-Group 1-17
2020-06-02 03:17:10,937 INFO o.a.j.t.JMeterThread: Thread started: Thread-Group 1-74
2020-06-02 03:17:10,937 INFO o.a.j.t.JMeterThread: Thread finished: Thread-Group 1-56
2020-06-02 03:17:10,939 INFO o.a.j.t.JMeterThread: Thread finished: Thread-Group 1-79
2020-06-02 03:17:10,940 INFO o.a.j.t.JMeterThread: Thread finished: Thread-Group 1-17
2020-06-02 03:17:10,940 INFO o.a.j.t.JMeterThread: Thread finished: Thread-Group 1-74
2020-06-02 03:17:10,939 INFO o.a.j.t.JMeterThread: Thread finished: Thread-Group 1-2
2020-06-02 03:17:10,938 INFO o.a.j.t.JMeterThread: Thread started: Thread-Group 1-69
2020-06-02 03:17:10,940 INFO o.a.j.t.JMeterThread: Thread finished: Thread-Group 1-69
2020-06-02 03:17:10,940 INFO o.a.j.e.StandardJMeterEngine: Notifying test listeners of end of test
2020-06-02 03:17:10,943 INFO o.a.j.s.FileServer: Default base='/Users/ray/Documents/Test/Container/Anthos/service-mesh/OSS'
2020-06-02 03:17:10,943 INFO o.a.j.g.u.JMeterMenuBar: setRunning(false, *local*)
2020-06-02 03:17:21,795 INFO o.a.j.s.FileServer: Set new base='/Users/ray/Desktop'
2020-06-02 03:17:21,975 INFO o.a.j.s.SaveService: Testplan (JMX) version: 2.2. Testlog (JTL) version: 2.2
2020-06-02 03:17:21,989 INFO o.a.j.s.SaveService: Using SaveService properties version 5.0
2020-06-02 03:17:21,991 INFO o.a.j.s.SaveService: Using SaveService properties file encoding UTF-8
2020-06-02 03:17:22,052 INFO o.a.j.e.StandardJMeterEngine: Running the test!
2020-06-02 03:17:22,052 INFO o.a.j.s.SampleEvent: List of sample_variables: []
2020-06-02 03:17:22,053 INFO o.a.j.g.u.JMeterMenuBar: setRunning(true, *local*)
2020-06-02 03:17:22,098 INFO o.a.j.e.StandardJMeterEngine: Starting ThreadGroup: 1 : Thread-Group
2020-06-02 03:17:22,098 INFO o.a.j.e.StandardJMeterEngine: Starting 100 threads for group Thread-Group.
2020-06-02 03:17:22,098 INFO o.a.j.e.StandardJMeterEngine: Thread will continue on error
2020-06-02 03:17:22,098 INFO o.a.j.t.ThreadGroup: Starting thread group... number=1 threads=100 ramp-up=1000 delayedStart=false
2020-06-02 03:17:22,099 INFO o.a.j.t.JMeterThread: Thread started: Thread-Group 1-1
2020-06-02 03:17:22,134 INFO o.a.j.t.ThreadGroup: Started thread group number 1
2020-06-02 03:17:22,134 INFO o.a.j.e.StandardJMeterEngine: All thread groups have been started
2020-06-02 03:17:32,100 INFO o.a.j.t.JMeterThread: Thread started: Thread-Group 1-2
2020-06-02 03:17:42,104 INFO o.a.j.t.JMeterThread: Thread started: Thread-Group 1-3
2020-06-02 03:17:52,100 INFO o.a.j.t.JMeterThread: Thread started: Thread-Group 1-4
2020-06-02 03:18:02,103 INFO o.a.j.t.JMeterThread: Thread started: Thread-Group 1-5
2020-06-02 03:18:12,102 INFO o.a.j.t.JMeterThread: Thread started: Thread-Group 1-6
2020-06-02 03:18:22,104 INFO o.a.j.t.JMeterThread: Thread started: Thread-Group 1-7
2020-06-02 03:18:32,103 INFO o.a.j.t.JMeterThread: Thread started: Thread-Group 1-8
2020-06-02 03:18:42,101 INFO o.a.j.t.JMeterThread: Thread started: Thread-Group 1-9
2020-06-02 03:18:52,103 INFO o.a.j.t.JMeterThread: Thread started: Thread-Group 1-10
2020-06-02 03:19:02,099 INFO o.a.j.t.JMeterThread: Thread started: Thread-Group 1-11
2020-06-02 03:19:12,101 INFO o.a.j.t.JMeterThread: Thread started: Thread-Group 1-12
2020-06-02 03:19:22,103 INFO o.a.j.t.JMeterThread: Thread started: Thread-Group 1-13
2020-06-02 03:19:32,098 INFO o.a.j.t.JMeterThread: Thread started: Thread-Group 1-14
2020-06-02 03:19:42,098 INFO o.a.j.t.JMeterThread: Thread started: Thread-Group 1-15
2020-06-02 03:19:52,100 INFO o.a.j.t.JMeterThread: Thread started: Thread-Group 1-16
2020-06-02 03:20:02,100 INFO o.a.j.t.JMeterThread: Thread started: Thread-Group 1-17
2020-06-02 03:20:12,101 INFO o.a.j.t.JMeterThread: Thread started: Thread-Group 1-18
2020-06-02 03:20:22,100 INFO o.a.j.t.JMeterThread: Thread started: Thread-Group 1-19
2020-06-02 03:20:32,102 INFO o.a.j.t.JMeterThread: Thread started: Thread-Group 1-20
2020-06-02 03:20:42,099 INFO o.a.j.t.JMeterThread: Thread started: Thread-Group 1-21
2020-06-02 03:20:52,101 INFO o.a.j.t.JMeterThread: Thread started: Thread-Group 1-22
2020-06-02 03:21:02,102 INFO o.a.j.t.JMeterThread: Thread started: Thread-Group 1-23
2020-06-02 03:21:12,102 INFO o.a.j.t.JMeterThread: Thread started: Thread-Group 1-24
2020-06-02 03:21:22,102 INFO o.a.j.t.JMeterThread: Thread started: Thread-Group 1-25
2020-06-02 03:21:32,102 INFO o.a.j.t.JMeterThread: Thread started: Thread-Group 1-26
2020-06-02 03:21:35,963 INFO o.a.j.g.a.Start: Stopping test
2020-06-02 03:21:35,992 INFO o.a.j.t.JMeterThread: Stopping: Thread-Group 1-89
2020-06-02 03:21:35,993 INFO o.a.j.t.JMeterThread: Stopping: Thread-Group 1-60
2020-06-02 03:21:35,993 INFO o.a.j.t.JMeterThread: Stopping: Thread-Group 1-3
2020-06-02 03:21:35,993 INFO o.a.j.t.JMeterThread: Thread started: Thread-Group 1-60
2020-06-02 03:21:35,993 WARN o.a.j.t.JMeterThread: Interrupting: Thread-Group 1-3 sampler: HTTP Request
2020-06-02 03:21:35,993 INFO o.a.j.t.JMeterThread: Thread finished: Thread-Group 1-60
2020-06-02 03:21:35,993 INFO o.a.j.t.JMeterThread: Thread started: Thread-Group 1-89
2020-06-02 03:21:35,995 INFO o.a.j.t.JMeterThread: Stopping: Thread-Group 1-7
2020-06-02 03:21:35,996 INFO o.a.j.t.JMeterThread: Thread finished: Thread-Group 1-89
2020-06-02 03:21:35,996 WARN o.a.j.t.JMeterThread: Interrupting: Thread-Group 1-7 sampler: HTTP Request
2020-06-02 03:21:35,997 INFO o.a.j.t.JMeterThread: Stopping: Thread-Group 1-43
2020-06-02 03:21:35,998 INFO o.a.j.t.JMeterThread: Stopping: Thread-Group 1-50
2020-06-02 03:21:35,998 INFO o.a.j.t.JMeterThread: Thread finished: Thread-Group 1-3
2020-06-02 03:21:35,998 INFO o.a.j.t.JMeterThread: Stopping: Thread-Group 1-80
2020-06-02 03:21:35,998 INFO o.a.j.t.JMeterThread: Stopping: Thread-Group 1-37
2020-06-02 03:21:35,998 INFO o.a.j.t.JMeterThread: Stopping: Thread-Group 1-10
2020-06-02 03:21:35,998 WARN o.a.j.t.JMeterThread: Interrupting: Thread-Group 1-10 sampler: HTTP Request
2020-06-02 03:21:35,999 INFO o.a.j.t.JMeterThread: Thread started: Thread-Group 1-43
2020-06-02 03:21:35,999 INFO o.a.j.t.JMeterThread: Thread finished: Thread-Group 1-43
2020-06-02 03:21:35,999 INFO o.a.j.t.JMeterThread: Thread finished: Thread-Group 1-7
2020-06-02 03:21:35,999 INFO o.a.j.t.JMeterThread: Thread started: Thread-Group 1-50
2020-06-02 03:21:36,000 INFO o.a.j.t.JMeterThread: Thread finished: Thread-Group 1-50
2020-06-02 03:21:36,000 INFO o.a.j.t.JMeterThread: Thread started: Thread-Group 1-80
2020-06-02 03:21:36,000 INFO o.a.j.t.JMeterThread: Stopping: Thread-Group 1-14
2020-06-02 03:21:36,000 INFO o.a.j.t.JMeterThread: Thread finished: Thread-Group 1-80
2020-06-02 03:21:36,000 WARN o.a.j.t.JMeterThread: Interrupting: Thread-Group 1-14 sampler: HTTP Request
2020-06-02 03:21:36,000 INFO o.a.j.t.JMeterThread: Thread started: Thread-Group 1-37
2020-06-02 03:21:36,002 INFO o.a.j.t.JMeterThread: Thread finished: Thread-Group 1-37
2020-06-02 03:21:36,002 INFO o.a.j.t.JMeterThread: Stopping: Thread-Group 1-28
2020-06-02 03:21:36,002 INFO o.a.j.t.JMeterThread: Stopping: Thread-Group 1-66
2020-06-02 03:21:36,002 INFO o.a.j.t.JMeterThread: Stopping: Thread-Group 1-40
2020-06-02 03:21:36,002 INFO o.a.j.t.JMeterThread: Stopping: Thread-Group 1-25
2020-06-02 03:21:36,002 WARN o.a.j.t.JMeterThread: Interrupting: Thread-Group 1-25 sampler: HTTP Request
2020-06-02 03:21:36,002 INFO o.a.j.t.JMeterThread: Thread finished: Thread-Group 1-10
2020-06-02 03:21:36,003 INFO o.a.j.t.JMeterThread: Thread started: Thread-Group 1-28
2020-06-02 03:21:36,003 INFO o.a.j.t.JMeterThread: Thread finished: Thread-Group 1-28
2020-06-02 03:21:36,003 INFO o.a.j.t.JMeterThread: Thread finished: Thread-Group 1-14
2020-06-02 03:21:36,003 INFO o.a.j.t.JMeterThread: Thread started: Thread-Group 1-66
2020-06-02 03:21:36,003 INFO o.a.j.t.JMeterThread: Thread finished: Thread-Group 1-66
2020-06-02 03:21:36,003 INFO o.a.j.t.JMeterThread: Thread started: Thread-Group 1-40
2020-06-02 03:21:36,004 INFO o.a.j.t.JMeterThread: Thread finished: Thread-Group 1-40
2020-06-02 03:21:36,004 INFO o.a.j.t.JMeterThread: Stopping: Thread-Group 1-12
2020-06-02 03:21:36,004 WARN o.a.j.t.JMeterThread: Interrupting: Thread-Group 1-12 sampler: HTTP Request
2020-06-02 03:21:36,006 INFO o.a.j.t.JMeterThread: Stopping: Thread-Group 1-35
2020-06-02 03:21:36,006 INFO o.a.j.t.JMeterThread: Stopping: Thread-Group 1-58
2020-06-02 03:21:36,006 INFO o.a.j.t.JMeterThread: Stopping: Thread-Group 1-26
2020-06-02 03:21:36,006 WARN o.a.j.t.JMeterThread: Interrupting: Thread-Group 1-26 sampler: HTTP Request
2020-06-02 03:21:36,006 INFO o.a.j.t.JMeterThread: Thread started: Thread-Group 1-35
2020-06-02 03:21:36,007 INFO o.a.j.t.JMeterThread: Thread finished: Thread-Group 1-35
2020-06-02 03:21:36,006 INFO o.a.j.t.JMeterThread: Thread finished: Thread-Group 1-25
2020-06-02 03:21:36,007 INFO o.a.j.t.JMeterThread: Thread finished: Thread-Group 1-12
2020-06-02 03:21:36,007 INFO o.a.j.t.JMeterThread: Thread started: Thread-Group 1-58
2020-06-02 03:21:36,007 INFO o.a.j.t.JMeterThread: Thread finished: Thread-Group 1-58
2020-06-02 03:21:36,008 INFO o.a.j.t.JMeterThread: Stopping: Thread-Group 1-52
2020-06-02 03:21:36,008 INFO o.a.j.t.JMeterThread: Stopping: Thread-Group 1-76
2020-06-02 03:21:36,008 INFO o.a.j.t.JMeterThread: Thread started: Thread-Group 1-52
2020-06-02 03:21:36,008 INFO o.a.j.t.JMeterThread: Thread finished: Thread-Group 1-52
2020-06-02 03:21:36,008 INFO o.a.j.t.JMeterThread: Stopping: Thread-Group 1-21
2020-06-02 03:21:36,008 WARN o.a.j.t.JMeterThread: Interrupting: Thread-Group 1-21 sampler: HTTP Request
2020-06-02 03:21:36,008 INFO o.a.j.t.JMeterThread: Thread started: Thread-Group 1-76
2020-06-02 03:21:36,009 INFO o.a.j.t.JMeterThread: Thread finished: Thread-Group 1-76
2020-06-02 03:21:36,009 INFO o.a.j.t.JMeterThread: Stopping: Thread-Group 1-78
2020-06-02 03:21:36,010 INFO o.a.j.t.JMeterThread: Stopping: Thread-Group 1-99
2020-06-02 03:21:36,010 INFO o.a.j.t.JMeterThread: Stopping: Thread-Group 1-51
2020-06-02 03:21:36,010 INFO o.a.j.t.JMeterThread: Stopping: Thread-Group 1-33
2020-06-02 03:21:36,010 INFO o.a.j.t.JMeterThread: Stopping: Thread-Group 1-30
2020-06-02 03:21:36,010 INFO o.a.j.t.JMeterThread: Stopping: Thread-Group 1-97
2020-06-02 03:21:36,010 INFO o.a.j.t.JMeterThread: Thread started: Thread-Group 1-78
2020-06-02 03:21:36,010 INFO o.a.j.t.JMeterThread: Stopping: Thread-Group 1-49
2020-06-02 03:21:36,010 INFO o.a.j.t.JMeterThread: Thread started: Thread-Group 1-99
2020-06-02 03:21:36,010 INFO o.a.j.t.JMeterThread: Thread started: Thread-Group 1-51
2020-06-02 03:21:36,010 INFO o.a.j.t.JMeterThread: Thread finished: Thread-Group 1-99
2020-06-02 03:21:36,010 INFO o.a.j.t.JMeterThread: Thread started: Thread-Group 1-33
2020-06-02 03:21:36,011 INFO o.a.j.t.JMeterThread: Thread finished: Thread-Group 1-51
2020-06-02 03:21:36,011 INFO o.a.j.t.JMeterThread: Thread finished: Thread-Group 1-33
2020-06-02 03:21:36,011 INFO o.a.j.t.JMeterThread: Thread started: Thread-Group 1-30
2020-06-02 03:21:36,010 INFO o.a.j.t.JMeterThread: Thread finished: Thread-Group 1-78
2020-06-02 03:21:36,016 INFO o.a.j.t.JMeterThread: Thread started: Thread-Group 1-49
2020-06-02 03:21:36,016 INFO o.a.j.t.JMeterThread: Thread finished: Thread-Group 1-30
2020-06-02 03:21:36,016 INFO o.a.j.t.JMeterThread: Thread finished: Thread-Group 1-49
2020-06-02 03:21:36,016 INFO o.a.j.t.JMeterThread: Stopping: Thread-Group 1-70
2020-06-02 03:21:36,015 INFO o.a.j.t.JMeterThread: Thread finished: Thread-Group 1-21
2020-06-02 03:21:36,017 INFO o.a.j.t.JMeterThread: Stopping: Thread-Group 1-84
2020-06-02 03:21:36,017 INFO o.a.j.t.JMeterThread: Stopping: Thread-Group 1-31
2020-06-02 03:21:36,017 INFO o.a.j.t.JMeterThread: Stopping: Thread-Group 1-15
2020-06-02 03:21:36,017 WARN o.a.j.t.JMeterThread: Interrupting: Thread-Group 1-15 sampler: HTTP Request
2020-06-02 03:21:36,015 INFO o.a.j.t.JMeterThread: Thread started: Thread-Group 1-97
2020-06-02 03:21:36,017 INFO o.a.j.t.JMeterThread: Thread started: Thread-Group 1-70
2020-06-02 03:21:36,017 INFO o.a.j.t.JMeterThread: Thread finished: Thread-Group 1-70
2020-06-02 03:21:36,014 INFO o.a.j.t.JMeterThread: Thread finished: Thread-Group 1-26
2020-06-02 03:21:36,018 INFO o.a.j.t.JMeterThread: Thread finished: Thread-Group 1-97
2020-06-02 03:21:36,018 INFO o.a.j.t.JMeterThread: Thread started: Thread-Group 1-84
2020-06-02 03:21:36,020 INFO o.a.j.t.JMeterThread: Thread finished: Thread-Group 1-84
2020-06-02 03:21:36,018 INFO o.a.j.t.JMeterThread: Thread started: Thread-Group 1-31
2020-06-02 03:21:36,020 INFO o.a.j.t.JMeterThread: Thread finished: Thread-Group 1-31
2020-06-02 03:21:36,018 INFO o.a.j.t.JMeterThread: Stopping: Thread-Group 1-56
2020-06-02 03:21:36,020 INFO o.a.j.t.JMeterThread: Stopping: Thread-Group 1-74
2020-06-02 03:21:36,020 INFO o.a.j.t.JMeterThread: Stopping: Thread-Group 1-94
2020-06-02 03:21:36,020 INFO o.a.j.t.JMeterThread: Stopping: Thread-Group 1-95
2020-06-02 03:21:36,020 INFO o.a.j.t.JMeterThread: Stopping: Thread-Group 1-63
2020-06-02 03:21:36,021 INFO o.a.j.t.JMeterThread: Stopping: Thread-Group 1-2
2020-06-02 03:21:36,021 WARN o.a.j.t.JMeterThread: Interrupting: Thread-Group 1-2 sampler: HTTP Request
2020-06-02 03:21:36,021 INFO o.a.j.t.JMeterThread: Thread finished: Thread-Group 1-15
2020-06-02 03:21:36,021 INFO o.a.j.t.JMeterThread: Thread started: Thread-Group 1-56
2020-06-02 03:21:36,021 INFO o.a.j.t.JMeterThread: Thread finished: Thread-Group 1-56
2020-06-02 03:21:36,022 INFO o.a.j.t.JMeterThread: Thread started: Thread-Group 1-74
2020-06-02 03:21:36,022 INFO o.a.j.t.JMeterThread: Thread finished: Thread-Group 1-74
2020-06-02 03:21:36,022 INFO o.a.j.t.JMeterThread: Thread started: Thread-Group 1-95
2020-06-02 03:21:36,022 INFO o.a.j.t.JMeterThread: Thread started: Thread-Group 1-63
2020-06-02 03:21:36,022 INFO o.a.j.t.JMeterThread: Thread finished: Thread-Group 1-95
2020-06-02 03:21:36,022 INFO o.a.j.t.JMeterThread: Thread finished: Thread-Group 1-63
2020-06-02 03:21:36,022 INFO o.a.j.t.JMeterThread: Thread started: Thread-Group 1-94
2020-06-02 03:21:36,030 INFO o.a.j.t.JMeterThread: Thread finished: Thread-Group 1-2
2020-06-02 03:21:36,028 INFO o.a.j.t.JMeterThread: Stopping: Thread-Group 1-91
2020-06-02 03:21:36,031 INFO o.a.j.t.JMeterThread: Stopping: Thread-Group 1-71
2020-06-02 03:21:36,032 INFO o.a.j.t.JMeterThread: Stopping: Thread-Group 1-67
2020-06-02 03:21:36,032 INFO o.a.j.t.JMeterThread: Stopping: Thread-Group 1-46
2020-06-02 03:21:36,032 INFO o.a.j.t.JMeterThread: Stopping: Thread-Group 1-53
2020-06-02 03:21:36,032 INFO o.a.j.t.JMeterThread: Thread finished: Thread-Group 1-94
2020-06-02 03:21:36,032 INFO o.a.j.t.JMeterThread: Thread started: Thread-Group 1-91
2020-06-02 03:21:36,032 INFO o.a.j.t.JMeterThread: Thread started: Thread-Group 1-71
2020-06-02 03:21:36,032 INFO o.a.j.t.JMeterThread: Thread finished: Thread-Group 1-91
2020-06-02 03:21:36,032 INFO o.a.j.t.JMeterThread: Thread finished: Thread-Group 1-71
2020-06-02 03:21:36,032 INFO o.a.j.t.JMeterThread: Thread started: Thread-Group 1-67
2020-06-02 03:21:36,032 INFO o.a.j.t.JMeterThread: Thread finished: Thread-Group 1-67
2020-06-02 03:21:36,032 INFO o.a.j.t.JMeterThread: Thread started: Thread-Group 1-46
2020-06-02 03:21:36,033 INFO o.a.j.t.JMeterThread: Thread finished: Thread-Group 1-46
2020-06-02 03:21:36,033 INFO o.a.j.t.JMeterThread: Thread started: Thread-Group 1-53
2020-06-02 03:21:36,032 INFO o.a.j.t.JMeterThread: Stopping: Thread-Group 1-79
2020-06-02 03:21:36,033 INFO o.a.j.t.JMeterThread: Thread finished: Thread-Group 1-53
2020-06-02 03:21:36,033 INFO o.a.j.t.JMeterThread: Stopping: Thread-Group 1-92
2020-06-02 03:21:36,033 INFO o.a.j.t.JMeterThread: Thread started: Thread-Group 1-79
2020-06-02 03:21:36,033 INFO o.a.j.t.JMeterThread: Stopping: Thread-Group 1-34
2020-06-02 03:21:36,033 INFO o.a.j.t.JMeterThread: Stopping: Thread-Group 1-27
2020-06-02 03:21:36,033 INFO o.a.j.t.JMeterThread: Thread finished: Thread-Group 1-79
2020-06-02 03:21:36,033 INFO o.a.j.t.JMeterThread: Stopping: Thread-Group 1-68
2020-06-02 03:21:36,033 INFO o.a.j.t.JMeterThread: Stopping: Thread-Group 1-54
2020-06-02 03:21:36,033 INFO o.a.j.t.JMeterThread: Stopping: Thread-Group 1-98
2020-06-02 03:21:36,033 INFO o.a.j.t.JMeterThread: Stopping: Thread-Group 1-23
2020-06-02 03:21:36,033 INFO o.a.j.t.JMeterThread: Thread started: Thread-Group 1-92
2020-06-02 03:21:36,034 WARN o.a.j.t.JMeterThread: Interrupting: Thread-Group 1-23 sampler: HTTP Request
2020-06-02 03:21:36,034 INFO o.a.j.t.JMeterThread: Thread finished: Thread-Group 1-92
2020-06-02 03:21:36,034 INFO o.a.j.t.JMeterThread: Thread started: Thread-Group 1-34
2020-06-02 03:21:36,034 INFO o.a.j.t.JMeterThread: Thread started: Thread-Group 1-68
2020-06-02 03:21:36,034 INFO o.a.j.t.JMeterThread: Thread finished: Thread-Group 1-34
2020-06-02 03:21:36,034 INFO o.a.j.t.JMeterThread: Thread started: Thread-Group 1-54
2020-06-02 03:21:36,034 INFO o.a.j.t.JMeterThread: Thread finished: Thread-Group 1-68
2020-06-02 03:21:36,034 INFO o.a.j.t.JMeterThread: Thread finished: Thread-Group 1-54
2020-06-02 03:21:36,034 INFO o.a.j.t.JMeterThread: Thread started: Thread-Group 1-27
2020-06-02 03:21:36,037 INFO o.a.j.t.JMeterThread: Thread started: Thread-Group 1-98
2020-06-02 03:21:36,037 INFO o.a.j.t.JMeterThread: Thread finished: Thread-Group 1-27
2020-06-02 03:21:36,035 INFO o.a.j.t.JMeterThread: Stopping: Thread-Group 1-1
2020-06-02 03:21:36,038 WARN o.a.j.t.JMeterThread: Interrupting: Thread-Group 1-1 sampler: HTTP Request
2020-06-02 03:21:36,038 INFO o.a.j.t.JMeterThread: Thread finished: Thread-Group 1-98
2020-06-02 03:21:36,038 INFO o.a.j.t.JMeterThread: Thread finished: Thread-Group 1-23
2020-06-02 03:21:36,038 INFO o.a.j.t.JMeterThread: Stopping: Thread-Group 1-18
2020-06-02 03:21:36,039 INFO o.a.j.t.JMeterThread: Thread finished: Thread-Group 1-1
2020-06-02 03:21:36,039 WARN o.a.j.t.JMeterThread: Interrupting: Thread-Group 1-18 sampler: HTTP Request
2020-06-02 03:21:36,040 INFO o.a.j.t.JMeterThread: Stopping: Thread-Group 1-72
2020-06-02 03:21:36,040 INFO o.a.j.t.JMeterThread: Stopping: Thread-Group 1-86
2020-06-02 03:21:36,040 INFO o.a.j.t.JMeterThread: Stopping: Thread-Group 1-65
2020-06-02 03:21:36,040 INFO o.a.j.t.JMeterThread: Thread started: Thread-Group 1-72
2020-06-02 03:21:36,040 INFO o.a.j.t.JMeterThread: Stopping: Thread-Group 1-5
2020-06-02 03:21:36,040 INFO o.a.j.t.JMeterThread: Thread started: Thread-Group 1-65
2020-06-02 03:21:36,040 INFO o.a.j.t.JMeterThread: Thread finished: Thread-Group 1-72
2020-06-02 03:21:36,040 INFO o.a.j.t.JMeterThread: Thread finished: Thread-Group 1-65
2020-06-02 03:21:36,040 WARN o.a.j.t.JMeterThread: Interrupting: Thread-Group 1-5 sampler: HTTP Request
2020-06-02 03:21:36,040 INFO o.a.j.t.JMeterThread: Thread started: Thread-Group 1-86
2020-06-02 03:21:36,040 INFO o.a.j.t.JMeterThread: Thread finished: Thread-Group 1-18
2020-06-02 03:21:36,040 INFO o.a.j.t.JMeterThread: Stopping: Thread-Group 1-4
2020-06-02 03:21:36,041 WARN o.a.j.t.JMeterThread: Interrupting: Thread-Group 1-4 sampler: HTTP Request
2020-06-02 03:21:36,040 INFO o.a.j.t.JMeterThread: Thread finished: Thread-Group 1-86
2020-06-02 03:21:36,041 INFO o.a.j.t.JMeterThread: Stopping: Thread-Group 1-73
2020-06-02 03:21:36,042 INFO o.a.j.t.JMeterThread: Stopping: Thread-Group 1-64
2020-06-02 03:21:36,042 INFO o.a.j.t.JMeterThread: Stopping: Thread-Group 1-59
2020-06-02 03:21:36,042 INFO o.a.j.t.JMeterThread: Stopping: Thread-Group 1-82
2020-06-02 03:21:36,042 INFO o.a.j.t.JMeterThread: Stopping: Thread-Group 1-16
2020-06-02 03:21:36,042 INFO o.a.j.t.JMeterThread: Thread finished: Thread-Group 1-5
2020-06-02 03:21:36,042 WARN o.a.j.t.JMeterThread: Interrupting: Thread-Group 1-16 sampler: HTTP Request
2020-06-02 03:21:36,042 INFO o.a.j.t.JMeterThread: Thread started: Thread-Group 1-73
2020-06-02 03:21:36,043 INFO o.a.j.t.JMeterThread: Thread finished: Thread-Group 1-73
2020-06-02 03:21:36,043 INFO o.a.j.t.JMeterThread: Thread finished: Thread-Group 1-4
2020-06-02 03:21:36,043 INFO o.a.j.t.JMeterThread: Thread started: Thread-Group 1-64
2020-06-02 03:21:36,043 INFO o.a.j.t.JMeterThread: Thread started: Thread-Group 1-59
2020-06-02 03:21:36,045 INFO o.a.j.t.JMeterThread: Thread finished: Thread-Group 1-16
2020-06-02 03:21:36,044 INFO o.a.j.t.JMeterThread: Stopping: Thread-Group 1-24
2020-06-02 03:21:36,043 INFO o.a.j.t.JMeterThread: Thread started: Thread-Group 1-82
2020-06-02 03:21:36,046 WARN o.a.j.t.JMeterThread: Interrupting: Thread-Group 1-24 sampler: HTTP Request
2020-06-02 03:21:36,044 INFO o.a.j.t.JMeterThread: Thread finished: Thread-Group 1-64
2020-06-02 03:21:36,045 INFO o.a.j.t.JMeterThread: Thread finished: Thread-Group 1-59
2020-06-02 03:21:36,055 INFO o.a.j.t.JMeterThread: Thread finished: Thread-Group 1-24
2020-06-02 03:21:36,046 INFO o.a.j.t.JMeterThread: Thread finished: Thread-Group 1-82
2020-06-02 03:21:36,054 INFO o.a.j.t.JMeterThread: Stopping: Thread-Group 1-47
2020-06-02 03:21:36,055 INFO o.a.j.t.JMeterThread: Stopping: Thread-Group 1-17
2020-06-02 03:21:36,056 WARN o.a.j.t.JMeterThread: Interrupting: Thread-Group 1-17 sampler: HTTP Request
2020-06-02 03:21:36,056 INFO o.a.j.t.JMeterThread: Thread started: Thread-Group 1-47
2020-06-02 03:21:36,056 INFO o.a.j.t.JMeterThread: Thread finished: Thread-Group 1-47
2020-06-02 03:21:36,056 INFO o.a.j.t.JMeterThread: Stopping: Thread-Group 1-100
2020-06-02 03:21:36,056 INFO o.a.j.t.JMeterThread: Stopping: Thread-Group 1-19
2020-06-02 03:21:36,056 WARN o.a.j.t.JMeterThread: Interrupting: Thread-Group 1-19 sampler: HTTP Request
2020-06-02 03:21:36,056 INFO o.a.j.t.JMeterThread: Thread started: Thread-Group 1-100
2020-06-02 03:21:36,057 INFO o.a.j.t.JMeterThread: Thread finished: Thread-Group 1-100
2020-06-02 03:21:36,057 INFO o.a.j.t.JMeterThread: Stopping: Thread-Group 1-75
2020-06-02 03:21:36,058 INFO o.a.j.t.JMeterThread: Stopping: Thread-Group 1-87
2020-06-02 03:21:36,057 INFO o.a.j.t.JMeterThread: Thread finished: Thread-Group 1-17
2020-06-02 03:21:36,058 INFO o.a.j.t.JMeterThread: Stopping: Thread-Group 1-42
2020-06-02 03:21:36,058 INFO o.a.j.t.JMeterThread: Stopping: Thread-Group 1-29
2020-06-02 03:21:36,058 INFO o.a.j.t.JMeterThread: Stopping: Thread-Group 1-22
2020-06-02 03:21:36,058 WARN o.a.j.t.JMeterThread: Interrupting: Thread-Group 1-22 sampler: HTTP Request
2020-06-02 03:21:36,058 INFO o.a.j.t.JMeterThread: Thread started: Thread-Group 1-75
2020-06-02 03:21:36,058 INFO o.a.j.t.JMeterThread: Thread started: Thread-Group 1-87
2020-06-02 03:21:36,058 INFO o.a.j.t.JMeterThread: Thread finished: Thread-Group 1-75
2020-06-02 03:21:36,058 INFO o.a.j.t.JMeterThread: Thread started: Thread-Group 1-42
2020-06-02 03:21:36,058 INFO o.a.j.t.JMeterThread: Thread finished: Thread-Group 1-87
2020-06-02 03:21:36,058 INFO o.a.j.t.JMeterThread: Thread finished: Thread-Group 1-42
2020-06-02 03:21:36,064 INFO o.a.j.t.JMeterThread: Thread finished: Thread-Group 1-19
2020-06-02 03:21:36,064 INFO o.a.j.t.JMeterThread: Stopping: Thread-Group 1-61
2020-06-02 03:21:36,065 INFO o.a.j.t.JMeterThread: Stopping: Thread-Group 1-13
2020-06-02 03:21:36,065 WARN o.a.j.t.JMeterThread: Interrupting: Thread-Group 1-13 sampler: HTTP Request
2020-06-02 03:21:36,065 INFO o.a.j.t.JMeterThread: Thread started: Thread-Group 1-29
2020-06-02 03:21:36,065 INFO o.a.j.t.JMeterThread: Thread finished: Thread-Group 1-22
2020-06-02 03:21:36,065 INFO o.a.j.t.JMeterThread: Thread finished: Thread-Group 1-29
2020-06-02 03:21:36,065 INFO o.a.j.t.JMeterThread: Thread started: Thread-Group 1-61
2020-06-02 03:21:36,065 INFO o.a.j.t.JMeterThread: Thread finished: Thread-Group 1-61
2020-06-02 03:21:36,066 INFO o.a.j.t.JMeterThread: Stopping: Thread-Group 1-57
2020-06-02 03:21:36,066 INFO o.a.j.t.JMeterThread: Stopping: Thread-Group 1-6
2020-06-02 03:21:36,066 WARN o.a.j.t.JMeterThread: Interrupting: Thread-Group 1-6 sampler: HTTP Request
2020-06-02 03:21:36,066 INFO o.a.j.t.JMeterThread: Thread started: Thread-Group 1-57
2020-06-02 03:21:36,066 INFO o.a.j.t.JMeterThread: Thread finished: Thread-Group 1-57
2020-06-02 03:21:36,066 INFO o.a.j.t.JMeterThread: Thread finished: Thread-Group 1-13
2020-06-02 03:21:36,066 INFO o.a.j.t.JMeterThread: Stopping: Thread-Group 1-48
2020-06-02 03:21:36,067 INFO o.a.j.t.JMeterThread: Stopping: Thread-Group 1-96
2020-06-02 03:21:36,067 INFO o.a.j.t.JMeterThread: Stopping: Thread-Group 1-9
2020-06-02 03:21:36,067 WARN o.a.j.t.JMeterThread: Interrupting: Thread-Group 1-9 sampler: HTTP Request
2020-06-02 03:21:36,067 INFO o.a.j.t.JMeterThread: Thread started: Thread-Group 1-48
2020-06-02 03:21:36,067 INFO o.a.j.t.JMeterThread: Thread started: Thread-Group 1-96
2020-06-02 03:21:36,067 INFO o.a.j.t.JMeterThread: Stopping: Thread-Group 1-39
2020-06-02 03:21:36,067 INFO o.a.j.t.JMeterThread: Thread finished: Thread-Group 1-48
2020-06-02 03:21:36,067 INFO o.a.j.t.JMeterThread: Thread finished: Thread-Group 1-6
2020-06-02 03:21:36,067 INFO o.a.j.t.JMeterThread: Stopping: Thread-Group 1-44
2020-06-02 03:21:36,067 INFO o.a.j.t.JMeterThread: Stopping: Thread-Group 1-38
2020-06-02 03:21:36,067 INFO o.a.j.t.JMeterThread: Stopping: Thread-Group 1-77
2020-06-02 03:21:36,068 INFO o.a.j.t.JMeterThread: Stopping: Thread-Group 1-11
2020-06-02 03:21:36,068 INFO o.a.j.t.JMeterThread: Thread finished: Thread-Group 1-96
2020-06-02 03:21:36,068 WARN o.a.j.t.JMeterThread: Interrupting: Thread-Group 1-11 sampler: HTTP Request
2020-06-02 03:21:36,068 INFO o.a.j.t.JMeterThread: Thread started: Thread-Group 1-39
2020-06-02 03:21:36,068 INFO o.a.j.t.JMeterThread: Thread finished: Thread-Group 1-39
2020-06-02 03:21:36,068 INFO o.a.j.t.JMeterThread: Thread finished: Thread-Group 1-9
2020-06-02 03:21:36,068 INFO o.a.j.t.JMeterThread: Thread started: Thread-Group 1-44
2020-06-02 03:21:36,068 INFO o.a.j.t.JMeterThread: Thread finished: Thread-Group 1-44
2020-06-02 03:21:36,069 INFO o.a.j.t.JMeterThread: Thread started: Thread-Group 1-38
2020-06-02 03:21:36,069 INFO o.a.j.t.JMeterThread: Thread started: Thread-Group 1-77
2020-06-02 03:21:36,069 INFO o.a.j.t.JMeterThread: Thread finished: Thread-Group 1-38
2020-06-02 03:21:36,069 INFO o.a.j.t.JMeterThread: Thread finished: Thread-Group 1-77
2020-06-02 03:21:36,069 INFO o.a.j.t.JMeterThread: Stopping: Thread-Group 1-93
2020-06-02 03:21:36,069 INFO o.a.j.t.JMeterThread: Stopping: Thread-Group 1-36
2020-06-02 03:21:36,069 INFO o.a.j.t.JMeterThread: Stopping: Thread-Group 1-62
2020-06-02 03:21:36,069 INFO o.a.j.t.JMeterThread: Stopping: Thread-Group 1-83
2020-06-02 03:21:36,069 INFO o.a.j.t.JMeterThread: Stopping: Thread-Group 1-81
2020-06-02 03:21:36,069 INFO o.a.j.t.JMeterThread: Thread started: Thread-Group 1-93
2020-06-02 03:21:36,069 INFO o.a.j.t.JMeterThread: Stopping: Thread-Group 1-69
2020-06-02 03:21:36,069 INFO o.a.j.t.JMeterThread: Stopping: Thread-Group 1-8
2020-06-02 03:21:36,069 INFO o.a.j.t.JMeterThread: Thread finished: Thread-Group 1-93
2020-06-02 03:21:36,069 WARN o.a.j.t.JMeterThread: Interrupting: Thread-Group 1-8 sampler: HTTP Request
2020-06-02 03:21:36,070 INFO o.a.j.t.JMeterThread: Thread started: Thread-Group 1-36
2020-06-02 03:21:36,070 INFO o.a.j.t.JMeterThread: Thread finished: Thread-Group 1-36
2020-06-02 03:21:36,070 INFO o.a.j.t.JMeterThread: Thread finished: Thread-Group 1-11
2020-06-02 03:21:36,070 INFO o.a.j.t.JMeterThread: Thread started: Thread-Group 1-62
2020-06-02 03:21:36,070 INFO o.a.j.t.JMeterThread: Thread finished: Thread-Group 1-62
2020-06-02 03:21:36,070 INFO o.a.j.t.JMeterThread: Thread started: Thread-Group 1-83
2020-06-02 03:21:36,070 INFO o.a.j.t.JMeterThread: Thread started: Thread-Group 1-81
2020-06-02 03:21:36,070 INFO o.a.j.t.JMeterThread: Thread started: Thread-Group 1-69
2020-06-02 03:21:36,071 INFO o.a.j.t.JMeterThread: Thread finished: Thread-Group 1-81
2020-06-02 03:21:36,071 INFO o.a.j.t.JMeterThread: Thread finished: Thread-Group 1-69
2020-06-02 03:21:36,072 INFO o.a.j.t.JMeterThread: Thread finished: Thread-Group 1-8
2020-06-02 03:21:36,072 INFO o.a.j.t.JMeterThread: Stopping: Thread-Group 1-85
2020-06-02 03:21:36,081 INFO o.a.j.t.JMeterThread: Thread finished: Thread-Group 1-83
2020-06-02 03:21:36,081 INFO o.a.j.t.JMeterThread: Stopping: Thread-Group 1-41
2020-06-02 03:21:36,081 INFO o.a.j.t.JMeterThread: Stopping: Thread-Group 1-20
2020-06-02 03:21:36,081 INFO o.a.j.t.JMeterThread: Thread started: Thread-Group 1-85
2020-06-02 03:21:36,081 WARN o.a.j.t.JMeterThread: Interrupting: Thread-Group 1-20 sampler: HTTP Request
2020-06-02 03:21:36,081 INFO o.a.j.t.JMeterThread: Thread started: Thread-Group 1-41
2020-06-02 03:21:36,081 INFO o.a.j.t.JMeterThread: Thread finished: Thread-Group 1-85
2020-06-02 03:21:36,082 INFO o.a.j.t.JMeterThread: Stopping: Thread-Group 1-32
2020-06-02 03:21:36,082 INFO o.a.j.t.JMeterThread: Thread finished: Thread-Group 1-41
2020-06-02 03:21:36,082 INFO o.a.j.t.JMeterThread: Stopping: Thread-Group 1-45
2020-06-02 03:21:36,082 INFO o.a.j.t.JMeterThread: Stopping: Thread-Group 1-88
2020-06-02 03:21:36,082 INFO o.a.j.t.JMeterThread: Stopping: Thread-Group 1-90
2020-06-02 03:21:36,082 INFO o.a.j.t.JMeterThread: Stopping: Thread-Group 1-55
2020-06-02 03:21:36,082 INFO o.a.j.t.JMeterThread: Thread started: Thread-Group 1-32
2020-06-02 03:21:36,082 INFO o.a.j.t.JMeterThread: Thread started: Thread-Group 1-45
2020-06-02 03:21:36,083 INFO o.a.j.t.JMeterThread: Thread started: Thread-Group 1-55
2020-06-02 03:21:36,083 INFO o.a.j.t.JMeterThread: Thread finished: Thread-Group 1-20
2020-06-02 03:21:36,084 INFO o.a.j.t.JMeterThread: Thread started: Thread-Group 1-90
2020-06-02 03:21:36,084 INFO o.a.j.t.JMeterThread: Thread started: Thread-Group 1-88
2020-06-02 03:21:36,084 INFO o.a.j.t.JMeterThread: Thread finished: Thread-Group 1-90
2020-06-02 03:21:36,084 INFO o.a.j.t.JMeterThread: Thread finished: Thread-Group 1-88
2020-06-02 03:21:36,083 INFO o.a.j.t.JMeterThread: Thread finished: Thread-Group 1-32
2020-06-02 03:21:36,084 INFO o.a.j.t.JMeterThread: Thread finished: Thread-Group 1-55
2020-06-02 03:21:36,083 INFO o.a.j.t.JMeterThread: Thread finished: Thread-Group 1-45
2020-06-02 03:21:36,084 INFO o.a.j.e.StandardJMeterEngine: Notifying test listeners of end of test
2020-06-02 03:21:36,085 INFO o.a.j.g.u.JMeterMenuBar: setRunning(false, *local*)
